Start testing: Dec 10 18:31 CST
----------------------------------------------------------
1/1 Testing: Graph.addV_addE_getW
1/1 Test: Graph.addV_addE_getW
Command: "/Users/uvaishbakaliya/Documents/Code Base/Mini-Search-Engine/build/tests" "--gtest_filter=Graph.addV_addE_getW" "--gtest_also_run_disabled_tests"
Directory: /Users/uvaishbakaliya/Documents/Code Base/Mini-Search-Engine/build
"Graph.addV_addE_getW" start time: Dec 10 18:31 CST
Output:
----------------------------------------------------------
Running main() from /Users/uvaishbakaliya/Documents/Code Base/Mini-Search-Engine/build/_deps/googletest-src/googletest/src/gtest_main.cc
Note: Google Test filter = Graph.addV_addE_getW
[==========] Running 1 test from 1 test suite.
[----------] Global test environment set-up.
[----------] 1 test from Graph
[ RUN      ] Graph.addV_addE_getW
[       OK ] Graph.addV_addE_getW (0 ms)
[----------] 1 test from Graph (0 ms total)

[----------] Global test environment tear-down
[==========] 1 test from 1 test suite ran. (0 ms total)
[  PASSED  ] 1 test.
<end of output>
Test time =   0.00 sec
----------------------------------------------------------
Test Passed.
"Graph.addV_addE_getW" end time: Dec 10 18:31 CST
"Graph.addV_addE_getW" time elapsed: 00:00:00
----------------------------------------------------------

End testing: Dec 10 18:31 CST
